2023-09-29 09:53:36,850 - __main__ - INFO - Starting to process 50 URLs.
2023-09-29 09:54:30,247 - __main__ - INFO - Received response from https://jisho.org/search/%20%23common%20%23words?page=18
2023-09-29 09:54:30,293 - __main__ - INFO - Received response from https://jisho.org/search/%20%23common%20%23words?page=10
2023-09-29 09:54:30,329 - __main__ - INFO - Received response from https://jisho.org/search/%20%23common%20%23words?page=16
2023-09-29 09:54:30,370 - __main__ - INFO - Received response from https://jisho.org/search/%20%23common%20%23words?page=1
2023-09-29 09:54:30,395 - __main__ - INFO - Received response from https://jisho.org/search/%20%23common%20%23words?page=20
2023-09-29 09:54:30,413 - __main__ - INFO - Received response from https://jisho.org/search/%20%23common%20%23words?page=17
2023-09-29 09:54:30,433 - __main__ - INFO - Received response from https://jisho.org/search/%20%23common%20%23words?page=14
2023-09-29 09:54:30,451 - __main__ - INFO - Received response from https://jisho.org/search/%20%23common%20%23words?page=19
2023-09-29 09:54:30,469 - __main__ - INFO - Received response from https://jisho.org/search/%20%23common%20%23words?page=2
2023-09-29 09:54:30,499 - __main__ - INFO - Received response from https://jisho.org/search/%20%23common%20%23words?page=15
2023-09-29 09:54:30,908 - __main__ - INFO - Received response from https://jisho.org/search/%20%23common%20%23words?page=6
2023-09-29 09:54:30,976 - __main__ - INFO - Received response from https://jisho.org/search/%20%23common%20%23words?page=13
2023-09-29 09:54:31,018 - __main__ - INFO - Received response from https://jisho.org/search/%20%23common%20%23words?page=12
2023-09-29 09:54:31,043 - __main__ - INFO - Received response from https://jisho.org/search/%20%23common%20%23words?page=3
2023-09-29 09:54:31,043 - __main__ - INFO - Received response from https://jisho.org/search/%20%23common%20%23words?page=9
2023-09-29 09:54:31,057 - __main__ - INFO - Received response from https://jisho.org/search/%20%23common%20%23words?page=11
2023-09-29 09:54:31,126 - __main__ - INFO - Received response from https://jisho.org/search/%20%23common%20%23words?page=5
2023-09-29 09:54:31,187 - __main__ - INFO - Received response from https://jisho.org/search/%20%23common%20%23words?page=7
2023-09-29 09:54:31,300 - __main__ - INFO - Received response from https://jisho.org/search/%20%23common%20%23words?page=8
2023-09-29 09:54:31,502 - __main__ - INFO - Received response from https://jisho.org/search/%20%23common%20%23words?page=4
2023-09-29 09:54:43,377 - __main__ - INFO - Received response from https://jisho.org/search/%20%23common%20%23words?page=21
2023-09-29 09:54:44,233 - __main__ - INFO - Received response from https://jisho.org/search/%20%23common%20%23words?page=22
2023-09-29 09:54:44,879 - __main__ - INFO - Received response from https://jisho.org/search/%20%23common%20%23words?page=23
2023-09-29 09:54:45,192 - __main__ - INFO - Received response from https://jisho.org/search/%20%23common%20%23words?page=24
2023-09-29 09:54:45,846 - __main__ - INFO - Received response from https://jisho.org/search/%20%23common%20%23words?page=28
2023-09-29 09:54:45,882 - __main__ - INFO - Received response from https://jisho.org/search/%20%23common%20%23words?page=27
2023-09-29 09:54:46,836 - __main__ - INFO - Received response from https://jisho.org/search/%20%23common%20%23words?page=31
2023-09-29 09:54:47,154 - __main__ - INFO - Received response from https://jisho.org/search/%20%23common%20%23words?page=25
2023-09-29 09:54:47,305 - __main__ - INFO - Received response from https://jisho.org/search/%20%23common%20%23words?page=33
2023-09-29 09:54:47,375 - __main__ - INFO - Received response from https://jisho.org/search/%20%23common%20%23words?page=34
2023-09-29 09:54:47,401 - __main__ - INFO - Received response from https://jisho.org/search/%20%23common%20%23words?page=26
2023-09-29 09:54:47,859 - __main__ - INFO - Received response from https://jisho.org/search/%20%23common%20%23words?page=29
2023-09-29 09:54:48,392 - __main__ - INFO - Received response from https://jisho.org/search/%20%23common%20%23words?page=30
2023-09-29 09:54:48,955 - __main__ - INFO - Received response from https://jisho.org/search/%20%23common%20%23words?page=32
2023-09-29 09:54:49,147 - __main__ - INFO - Received response from https://jisho.org/search/%20%23common%20%23words?page=38
2023-09-29 09:54:49,233 - __main__ - INFO - Received response from https://jisho.org/search/%20%23common%20%23words?page=39
2023-09-29 09:54:49,592 - __main__ - INFO - Received response from https://jisho.org/search/%20%23common%20%23words?page=35
2023-09-29 09:54:50,112 - __main__ - INFO - Received response from https://jisho.org/search/%20%23common%20%23words?page=37
2023-09-29 09:54:50,145 - __main__ - INFO - Received response from https://jisho.org/search/%20%23common%20%23words?page=36
2023-09-29 09:54:52,114 - __main__ - INFO - Received response from https://jisho.org/search/%20%23common%20%23words?page=40
2023-09-29 09:54:57,255 - __main__ - INFO - Received response from https://jisho.org/search/%20%23common%20%23words?page=41
2023-09-29 09:54:58,059 - __main__ - INFO - Received response from https://jisho.org/search/%20%23common%20%23words?page=42
2023-09-29 09:54:59,590 - __main__ - INFO - Received response from https://jisho.org/search/%20%23common%20%23words?page=43
2023-09-29 09:55:00,395 - __main__ - INFO - Received response from https://jisho.org/search/%20%23common%20%23words?page=44
2023-09-29 09:55:00,894 - __main__ - INFO - Received response from https://jisho.org/search/%20%23common%20%23words?page=46
2023-09-29 09:55:00,927 - __main__ - INFO - Received response from https://jisho.org/search/%20%23common%20%23words?page=45
2023-09-29 09:55:01,234 - __main__ - INFO - Received response from https://jisho.org/search/%20%23common%20%23words?page=47
2023-09-29 09:55:01,549 - __main__ - INFO - Received response from https://jisho.org/search/%20%23common%20%23words?page=48
2023-09-29 09:55:02,065 - __main__ - INFO - Received response from https://jisho.org/search/%20%23common%20%23words?page=49
2023-09-29 09:55:02,095 - __main__ - INFO - Received response from https://jisho.org/search/%20%23common%20%23words?page=50
2023-09-29 09:55:10,255 - __main__ - INFO - Processing completed.
2023-09-29 09:55:10,255 - __main__ - INFO - Total words from https://jisho.org/search/%20%23common%20%23words?page=1: 20
2023-09-29 09:55:10,255 - __main__ - INFO - Total words from https://jisho.org/search/%20%23common%20%23words?page=2: 20
2023-09-29 09:55:10,255 - __main__ - INFO - Total words from https://jisho.org/search/%20%23common%20%23words?page=3: 20
2023-09-29 09:55:10,255 - __main__ - INFO - Total words from https://jisho.org/search/%20%23common%20%23words?page=4: 20
2023-09-29 09:55:10,255 - __main__ - INFO - Total words from https://jisho.org/search/%20%23common%20%23words?page=5: 20
2023-09-29 09:55:10,255 - __main__ - INFO - Total words from https://jisho.org/search/%20%23common%20%23words?page=6: 20
2023-09-29 09:55:10,255 - __main__ - INFO - Total words from https://jisho.org/search/%20%23common%20%23words?page=7: 20
2023-09-29 09:55:10,255 - __main__ - INFO - Total words from https://jisho.org/search/%20%23common%20%23words?page=8: 20
2023-09-29 09:55:10,255 - __main__ - INFO - Total words from https://jisho.org/search/%20%23common%20%23words?page=9: 20
2023-09-29 09:55:10,255 - __main__ - INFO - Total words from https://jisho.org/search/%20%23common%20%23words?page=10: 20
2023-09-29 09:55:10,255 - __main__ - INFO - Total words from https://jisho.org/search/%20%23common%20%23words?page=11: 20
2023-09-29 09:55:10,255 - __main__ - INFO - Total words from https://jisho.org/search/%20%23common%20%23words?page=12: 20
2023-09-29 09:55:10,255 - __main__ - INFO - Total words from https://jisho.org/search/%20%23common%20%23words?page=13: 20
2023-09-29 09:55:10,255 - __main__ - INFO - Total words from https://jisho.org/search/%20%23common%20%23words?page=14: 20
2023-09-29 09:55:10,255 - __main__ - INFO - Total words from https://jisho.org/search/%20%23common%20%23words?page=15: 20
2023-09-29 09:55:10,255 - __main__ - INFO - Total words from https://jisho.org/search/%20%23common%20%23words?page=16: 20
2023-09-29 09:55:10,255 - __main__ - INFO - Total words from https://jisho.org/search/%20%23common%20%23words?page=17: 20
2023-09-29 09:55:10,255 - __main__ - INFO - Total words from https://jisho.org/search/%20%23common%20%23words?page=18: 20
2023-09-29 09:55:10,255 - __main__ - INFO - Total words from https://jisho.org/search/%20%23common%20%23words?page=19: 20
2023-09-29 09:55:10,255 - __main__ - INFO - Total words from https://jisho.org/search/%20%23common%20%23words?page=20: 20
2023-09-29 09:55:10,255 - __main__ - INFO - Total words from https://jisho.org/search/%20%23common%20%23words?page=21: 20
2023-09-29 09:55:10,255 - __main__ - INFO - Total words from https://jisho.org/search/%20%23common%20%23words?page=22: 20
2023-09-29 09:55:10,255 - __main__ - INFO - Total words from https://jisho.org/search/%20%23common%20%23words?page=23: 20
2023-09-29 09:55:10,255 - __main__ - INFO - Total words from https://jisho.org/search/%20%23common%20%23words?page=24: 20
2023-09-29 09:55:10,256 - __main__ - INFO - Total words from https://jisho.org/search/%20%23common%20%23words?page=25: 20
2023-09-29 09:55:10,256 - __main__ - INFO - Total words from https://jisho.org/search/%20%23common%20%23words?page=26: 20
2023-09-29 09:55:10,256 - __main__ - INFO - Total words from https://jisho.org/search/%20%23common%20%23words?page=27: 20
2023-09-29 09:55:10,256 - __main__ - INFO - Total words from https://jisho.org/search/%20%23common%20%23words?page=28: 20
2023-09-29 09:55:10,256 - __main__ - INFO - Total words from https://jisho.org/search/%20%23common%20%23words?page=29: 20
2023-09-29 09:55:10,256 - __main__ - INFO - Total words from https://jisho.org/search/%20%23common%20%23words?page=30: 20
2023-09-29 09:55:10,256 - __main__ - INFO - Total words from https://jisho.org/search/%20%23common%20%23words?page=31: 20
2023-09-29 09:55:10,256 - __main__ - INFO - Total words from https://jisho.org/search/%20%23common%20%23words?page=32: 20
2023-09-29 09:55:10,256 - __main__ - INFO - Total words from https://jisho.org/search/%20%23common%20%23words?page=33: 20
2023-09-29 09:55:10,256 - __main__ - INFO - Total words from https://jisho.org/search/%20%23common%20%23words?page=34: 20
2023-09-29 09:55:10,256 - __main__ - INFO - Total words from https://jisho.org/search/%20%23common%20%23words?page=35: 20
2023-09-29 09:55:10,256 - __main__ - INFO - Total words from https://jisho.org/search/%20%23common%20%23words?page=36: 20
2023-09-29 09:55:10,256 - __main__ - INFO - Total words from https://jisho.org/search/%20%23common%20%23words?page=37: 20
2023-09-29 09:55:10,256 - __main__ - INFO - Total words from https://jisho.org/search/%20%23common%20%23words?page=38: 20
2023-09-29 09:55:10,256 - __main__ - INFO - Total words from https://jisho.org/search/%20%23common%20%23words?page=39: 20
2023-09-29 09:55:10,256 - __main__ - INFO - Total words from https://jisho.org/search/%20%23common%20%23words?page=40: 20
2023-09-29 09:55:10,256 - __main__ - INFO - Total words from https://jisho.org/search/%20%23common%20%23words?page=41: 20
2023-09-29 09:55:10,256 - __main__ - INFO - Total words from https://jisho.org/search/%20%23common%20%23words?page=42: 20
2023-09-29 09:55:10,256 - __main__ - INFO - Total words from https://jisho.org/search/%20%23common%20%23words?page=43: 20
2023-09-29 09:55:10,256 - __main__ - INFO - Total words from https://jisho.org/search/%20%23common%20%23words?page=44: 20
2023-09-29 09:55:10,256 - __main__ - INFO - Total words from https://jisho.org/search/%20%23common%20%23words?page=45: 20
2023-09-29 09:55:10,256 - __main__ - INFO - Total words from https://jisho.org/search/%20%23common%20%23words?page=46: 20
2023-09-29 09:55:10,256 - __main__ - INFO - Total words from https://jisho.org/search/%20%23common%20%23words?page=47: 20
2023-09-29 09:55:10,256 - __main__ - INFO - Total words from https://jisho.org/search/%20%23common%20%23words?page=48: 20
2023-09-29 09:55:10,256 - __main__ - INFO - Total words from https://jisho.org/search/%20%23common%20%23words?page=49: 20
2023-09-29 09:55:10,256 - __main__ - INFO - Total words from https://jisho.org/search/%20%23common%20%23words?page=50: 20
2023-09-29 09:55:10,257 - __main__ - INFO - Total words: 1000
2023-09-29 09:55:10,262 - __main__ - INFO - Data saved to hiragana.json.
